0 info it worked if it ends with ok
1 verbose cli [ '/usr/local/bin/node',
1 verbose cli   '/usr/local/bin/npm',
1 verbose cli   'run',
1 verbose cli   'build-preview' ]
2 info using npm@4.1.2
3 info using node@v7.5.0
4 verbose run-script [ 'prebuild-preview', 'build-preview', 'postbuild-preview' ]
5 info lifecycle victor-hugo@1.0.0~prebuild-preview: victor-hugo@1.0.0
6 silly lifecycle victor-hugo@1.0.0~prebuild-preview: no script for prebuild-preview, continuing
7 info lifecycle victor-hugo@1.0.0~build-preview: victor-hugo@1.0.0
8 verbose lifecycle victor-hugo@1.0.0~build-preview: unsafe-perm in lifecycle true
9 verbose lifecycle victor-hugo@1.0.0~build-preview: PATH: /usr/local/lib/node_modules/npm/bin/node-gyp-bin:/Users/jorge/GitHub/blog-es/node_modules/.bin:/usr/local/bin:/usr/local/openssl/bin:/usr/local/sbin:/opt/local/bin:/opt/local/sbin:/Library/Frameworks/Python.framework/Versions/3.4/bin:/opt/local/bin:/opt/local/sbin:/usr/bin:/bin:/usr/sbin:/sbin:/usr/local/bin:/opt/X11/bin:/Library/TeX/texbin:/Applications/Wireshark.app/Contents/MacOS:/Users/jorge/.rvm/bin
10 verbose lifecycle victor-hugo@1.0.0~build-preview: CWD: /Users/jorge/GitHub/blog-es
11 silly lifecycle victor-hugo@1.0.0~build-preview: Args: [ '-c', 'gulp build-preview' ]
12 silly lifecycle victor-hugo@1.0.0~build-preview: Returned: code: 1  signal: null
13 info lifecycle victor-hugo@1.0.0~build-preview: Failed to exec build-preview script
14 verbose stack Error: victor-hugo@1.0.0 build-preview: `gulp build-preview`
14 verbose stack Exit status 1
14 verbose stack     at EventEmitter.<anonymous> (/usr/local/lib/node_modules/npm/lib/utils/lifecycle.js:279:16)
14 verbose stack     at emitTwo (events.js:106:13)
14 verbose stack     at EventEmitter.emit (events.js:192:7)
14 verbose stack     at ChildProcess.<anonymous> (/usr/local/lib/node_modules/npm/lib/utils/spawn.js:40:14)
14 verbose stack     at emitTwo (events.js:106:13)
14 verbose stack     at ChildProcess.emit (events.js:192:7)
14 verbose stack     at maybeClose (internal/child_process.js:890:16)
14 verbose stack     at Process.ChildProcess._handle.onexit (internal/child_process.js:226:5)
15 verbose pkgid victor-hugo@1.0.0
16 verbose cwd /Users/jorge/GitHub/blog-es
17 error Darwin 16.6.0
18 error argv "/usr/local/bin/node" "/usr/local/bin/npm" "run" "build-preview"
19 error node v7.5.0
20 error npm  v4.1.2
21 error code ELIFECYCLE
22 error victor-hugo@1.0.0 build-preview: `gulp build-preview`
22 error Exit status 1
23 error Failed at the victor-hugo@1.0.0 build-preview script 'gulp build-preview'.
23 error Make sure you have the latest version of node.js and npm installed.
23 error If you do, this is most likely a problem with the victor-hugo package,
23 error not with npm itself.
23 error Tell the author that this fails on your system:
23 error     gulp build-preview
23 error You can get information on how to open an issue for this project with:
23 error     npm bugs victor-hugo
23 error Or if that isn't available, you can get their info via:
23 error     npm owner ls victor-hugo
23 error There is likely additional logging output above.
24 verbose exit [ 1, true ]
